3732423
2298025
77031
2298025
3732423
1723519
1723519
230631
2298025
3542887
626331
3064033
2298025
1723519
230631
2298025
1126015
2298025
837799
3732423
3732423
3542887
3732423
1723519
1564063
511935
1723519
52527
3732423
1126015
3732423
3732423
3732423
1723519
2298025
3542887
511935
1723519
3732423
626331
3064033
626331
1501353
1723519
2298025
3064033
3732423
1126015
2298025
1126015
1723519
3542887
3732423
1723519
1126015
1723519
3732423
3732423
230631
3064033
3732423
3732423
1723519
3732423
3732423
626331
1723519
2298025
3732423
3732423
3064033
3732423
1723519
3732423
511935
2298025
77031
1723519
3732423
1723519
626331
2298025
1723519
2298025
837799
3732423
3732423
3732423
3732423
3542887
