410011
2298025
837799
2298025
2298025
3064033
837799
3732423
2298025
3732423
3732423
1126015
230631
3732423
3064033
3064033
3064033
3732423
3064033
837799
1126015
3732423
156159
3064033
3732423
3064033
2298025
3064033
230631
2298025
3732423
1723519
626331
216367
3732423
1723519
410011
2298025
1501353
13255
3064033
3732423
3732423
2298025
3732423
3732423
3732423
35655
837799
3732423
2298025
1723519
410011
837799
1126015
626331
2298025
3732423
3064033
3064033
3064033
3064033
2298025
1723519
837799
3732423
3064033
1126015
3732423
837799
230631
2298025
837799
3064033
3542887
1564063
3732423
3732423
1723519
1723519
2298025
3732423
3064033
3732423
35655
3542887
3732423
3542887
3542887
2298025
1126015
1723519
3064033
1723519
3064033
3064033
3732423
3732423
3732423
3542887
2298025
1564063
3732423
1126015
2298025
3064033
3732423
1723519
230631
3732423
2298025
77031
3064033
3732423
3732423
3732423
1723519
2298025
2298025
3732423
1723519
511935
1126015
3732423
410011
1117065
3064033
1723519
3732423
3064033
1501353
2298025
1126015
230631
410011
156159
2298025
3732423
230631
2298025
2298025
1723519
1723519
2298025
1723519
1723519
2298025
3732423
3732423
230631
1126015
3542887
230631
3732423
3732423
3732423
3732423
626331
156159
3732423
3732423
3064033
3732423
156159
3732423
3064033
1723519
1126015
3542887
837799
2298025
3064033
3542887
2298025
3732423
2298025
3732423
837799
2298025
230631
626331
230631
2298025
3732423
2298025
2298025
2298025
1723519
1126015
2298025
156159
626331
2298025
230631
3064033
3064033
2298025
3064033
3732423
3732423
1723519
837799
2298025
626331
2298025
1723519
3732423
2298025
626331
3732423
3732423
3732423
2298025
3732423
1564063
626331
1126015
1564063
3732423
3732423
2298025
3732423
1126015
3732423
626331
3064033
3732423
837799
1126015
3064033
1723519
1723519
1564063
837799
1723519
1723519
2298025
626331
3064033
3064033
3732423
511935
230631
3732423
1723519
52527
511935
3732423
3732423
1126015
1723519
410011
3064033
410011
1723519
2298025
1126015
2298025
626331
3732423
3732423
2298025
2298025
837799
837799
3542887
837799
2298025
3732423
3732423
837799
3542887
1723519
3064033
3732423
3732423
3542887
837799
837799
3732423
410011
3064033
3732423
837799
2298025
837799
142587
52527
3732423
3732423
3064033
410011
2298025
1126015
837799
410011
2298025
3732423
1126015
3064033
3732423
3064033
2298025
2298025
2298025
626331
3732423
1126015
3542887
1501353
626331
1501353
626331
511935
2298025
2298025
77031
230631
837799
410011
3732423
2298025
3732423
3732423
3732423
410011
2298025
1723519
3732423
1723519
1126015
2298025
1723519
3732423
1126015
1126015
1723519
1126015
1501353
1723519
230631
410011
2298025
626331
1723519
1564063
3732423
3064033
3064033
106239
3732423
1126015
3732423
2298025
2298025
3542887
1723519
230631
3542887
3732423
1723519
1126015
2298025
2298025
3542887
1126015
2298025
3732423
34239
3064033
3732423
3064033
837799
2298025
3064033
3732423
17673
106239
2298025
1501353
2298025
3542887
837799
1723519
410011
3064033
2298025
3064033
52527
3732423
3732423
2298025
1126015
511935
216367
3732423
156159
626331
2298025
1723519
3732423
837799
3732423
2298025
1723519
230631
3542887
1501353
1723519
1564063
837799
77031
156159
3732423
1723519
3732423
3064033
3064033
1126015
837799
3732423
1126015
1126015
142587
2298025
3732423
3732423
1126015
2298025
106239
2298025
511935
626331
1126015
230631
3732423
156159
3732423
230631
1564063
1564063
626331
1723519
3064033
77031
3732423
3732423
3064033
3732423
2298025
837799
2298025
1501353
2298025
626331
3732423
3064033
626331
1723519
1501353
142587
3732423
1126015
2298025
77031
106239
3542887
1126015
1723519
3732423
2298025
3732423
410011
3732423
2298025
837799
1723519
2298025
2298025
3732423
1564063
837799
2298025
2298025
3732423
2298025
230631
2298025
1501353
1723519
1126015
3732423
1723519
77031
106239
1723519
1723519
3732423
2298025
3732423
3732423
2298025
837799
1126015
2298025
3064033
3732423
1126015
3064033
2298025
2298025
626331
3732423
1126015
1126015
3732423
2298025
3732423
3732423
1723519
837799
1723519
1564063
3732423
1501353
1723519
156159
1126015
511935
1723519
511935
837799
2298025
3732423
3732423
3732423
410011
3064033
3542887
2298025
3732423
2298025
511935
3732423
1723519
837799
2298025
3732423
3542887
3732423
3732423
2298025
1723519
837799
1126015
3732423
3732423
3064033
2298025
2298025
3732423
3732423
230631
2298025
2298025
3732423
1723519
2298025
1126015
3732423
3064033
156159
3542887
156159
1126015
2298025
1723519
1723519
2298025
410011
3732423
1126015
3732423
2298025
2298025
511935
410011
3732423
6171
1126015
2298025
410011
626331
2298025
626331
3064033
3732423
1723519
511935
3732423
2298025
1723519
3732423
1126015
837799
77031
26623
3732423
156159
1723519
3732423
230631
511935
626331
3732423
410011
1723519
1564063
1564063
1564063
1126015
511935
2298025
2298025
2298025
1723519
1723519
1723519
1564063
1723519
2298025
3732423
626331
3542887
3064033
2298025
626331
156159
1723519
26623
3732423
106239
3542887
1723519
3542887
410011
3064033
3732423
3732423
2298025
2298025
230631
1723519
2298025
3732423
3732423
3064033
2298025
2298025
3542887
410011
6171
2298025
1723519
230631
410011
3064033
2298025
106239
3732423
3732423
1564063
837799
3732423
230631
1126015
230631
230631
2298025
1126015
1723519
3064033
2298025
2298025
35655
3732423
77031
3732423
1126015
3732423
1126015
3732423
1564063
837799
3064033
3732423
2298025
3732423
3064033
2298025
3064033
3064033
1723519
3064033
3732423
1126015
3732423
2298025
2298025
230631
2298025
3732423
2298025
3732423
230631
171
2298025
2298025
3732423
2298025
3732423
3064033
1723519
1723519
1723519
35655
2298025
3064033
2298025
3064033
2298025
216367
1723519
3732423
3732423
1126015
3732423
3732423
3064033
3732423
35655
2298025
3064033
1126015
2298025
1723519
230631
837799
1126015
230631
3732423
156159
1564063
3064033
1126015
2298025
3732423
837799
3064033
2298025
2298025
3732423
1564063
1723519
837799
1723519
230631
2298025
230631
1723519
2298025
3064033
511935
3732423
77031
511935
2298025
1723519
3732423
2298025
837799
1126015
1126015
3732423
1126015
3732423
3732423
1564063
3064033
2298025
1126015
3732423
626331
3064033
3732423
1564063
52527
2298025
3064033
3732423
3732423
3064033
3732423
2298025
3064033
3064033
1723519
1723519
626331
3732423
511935
3732423
3732423
3542887
2298025
1126015
1723519
2298025
1723519
3064033
837799
142587
1723519
3732423
3064033
1723519
3732423
1723519
1723519
1723519
1126015
626331
3542887
3732423
3542887
3732423
1723519
2298025
3542887
142587
3732423
2298025
3732423
2298025
2298025
3542887
106239
1723519
1723519
1126015
1723519
3732423
3732423
2298025
2298025
626331
3542887
1126015
626331
230631
230631
3732423
1723519
626331
511935
3732423
2298025
837799
3542887
1723519
3064033
2298025
2298025
3732423
3732423
1723519
2298025
230631
2298025
1723519
3064033
3542887
626331
3732423
156159
1723519
1126015
1723519
3732423
837799
1723519
2298025
1126015
2298025
3542887
410011
3732423
3064033
410011
3064033
3732423
2298025
3064033
1723519
1126015
1723519
2298025
837799
106239
1723519
1723519
1723519
3732423
3732423
3064033
2298025
2298025
1564063
1723519
3732423
2298025
1723519
3732423
3064033
3732423
626331
1723519
2298025
837799
2223
3732423
3542887
3064033
1126015
1126015
3542887
2298025
3732423
3542887
2298025
230631
3732423
837799
3542887
2298025
3732423
2298025
626331
3064033
1723519
1126015
1723519
230631
3732423
2298025
1723519
3542887
837799
3732423
2298025
3732423
2298025
1723519
3732423
837799
3064033
1723519
1564063
3732423
1723519
3064033
2298025
1126015
3064033
1723519
3064033
3064033
1501353
1723519
3732423
3732423
1723519
2298025
3732423
77031
511935
1126015
1723519
2298025
1126015
230631
1723519
3732423
3732423
837799
3732423
2298025
837799
77031
837799
