327
327
871
1161
2323
2919
2919
2919
3711
3711
3711
3711
6171
6171
6171
6171
6171
6171
6171
6171
6171
6171
10971
10971
10971
10971
13255
13255
13255
13255
13255
13255
13255
13255
13255
13255
17673
17673
17673
17673
17673
17673
17673
17673
17673
17673
17673
17673
23529
23529
23529
23529
23529
23529
26623
26623
26623
26623
26623
26623
26623
26623
26623
26623
26623
26623
26623
26623
26623
34239
34239
35655
35655
35655
35655
35655
35655
35655
35655
35655
35655
35655
35655
35655
35655
35655
35655
35655
35655
35655
35655
35655
35655
837799
1723519
2298025
3732423
3732423
