511935
626331
837799
6171
97
1126015
2298025
1723519
3732423
3732423
9
9
1723519
2
1
1723519
1723519
1723519
3542887
3064033
1723519
2298025
2298025
3542887
52527
3064033
106239
511935
1723519
1723519
2298025
230631
2298025
1501353
1126015
77031
3542887
2298025
1723519
2298025
2298025
1723519
1126015
106239
2298025
106239
3732423
1723519
230631
1723519
3542887
3542887
2298025
77031
3064033
1126015
3732423
837799
2298025
2298025
1501353
410011
1126015
3542887
2298025
3732423
626331
77031
3542887
626331
3064033
2298025
2298025
1564063
2298025
3064033
2298025
626331
1723519
1723519
1126015
3732423
1126015
2298025
3732423
2298025
3064033
1723519
3064033
1501353
626331
1723519
3542887
106239
837799
1126015
2298025
106239
216367
1723519
3064033
1501353
3542887
2298025
2298025
3064033
1126015
2298025
1126015
35655
511935
837799
230631
230631
3064033
