9
9
19
1
3732423
3732423
3732423
1501353
3732423
156159
410011
3064033
2298025
3732423
2298025
156159
230631
3732423
3064033
3711
1564063
3732423
1723519
1126015
837799
3542887
3542887
156159
3542887
1501353
1723519
626331
626331
3732423
837799
3732423
3732423
3064033
1126015
1126015
3064033
3732423
3732423
3064033
1723519
3732423
3542887
3732423
3542887
3732423
3732423
2298025
3732423
1723519
3732423
2298025
2298025
2298025
410011
1564063
3732423
2298025
2298025
2298025
3732423
626331
2298025
626331
3732423
1564063
3732423
3732423
837799
3732423
3064033
511935
837799
3732423
230631
1723519
1126015
106239
3732423
626331
3732423
1564063
3064033
2298025
3732423
3732423
3732423
1501353
3732423
3732423
3732423
626331
3732423
3732423
1126015
