230631
2298025
3732423
2298025
1723519
2298025
1723519
3064033
1126015
1723519
142587
511935
1723519
2298025
1126015
3732423
3542887
3732423
3732423
156159
1723519
3732423
3732423
3732423
2298025
1723519
410011
3732423
410011
3732423
3064033
1564063
2298025
410011
2298025
3064033
1501353
230631
3732423
3732423
3064033
1126015
3732423
2298025
3064033
2298025
3732423
410011
1723519
837799
3732423
2298025
1564063
1564063
2298025
1564063
3732423
837799
626331
3732423
3064033
2298025
511935
3732423
3732423
230631
1723519
2298025
1126015
3732423
3732423
3732423
2298025
3732423
3064033
3064033
2298025
1723519
35655
3732423
3542887
230631
2298025
3732423
3064033
1564063
1126015
3732423
2298025
230631
3064033
3732423
1723519
410011
1723519
230631
3732423
2298025
