35655
52527
106239
142587
156159
216367
230631
230631
230631
230631
410011
410011
410011
511935
511935
511935
626331
626331
626331
626331
626331
626331
837799
837799
837799
837799
837799
837799
837799
1126015
1126015
1126015
1126015
1126015
1126015
1126015
1126015
1126015
1126015
1501353
1501353
1564063
1564063
1564063
1564063
1723519
1723519
1723519
1723519
1723519
1723519
1723519
1723519
1723519
1723519
1723519
1723519
1723519
1723519
1723519
2298025
2298025
2298025
2298025
2298025
2298025
2298025
2298025
2298025
2298025
2298025
2298025
2298025
2298025
2298025
2298025
2298025
2298025
2298025
2298025
2298025
3064033
3064033
3064033
3064033
3064033
3064033
3064033
3064033
3064033
3064033
3064033
3064033
3542887
3542887
3542887
3542887
3542887
3732423
