2298025
2298025
3064033
2298025
3732423
3732423
3064033
3064033
1501353
1723519
3064033
3732423
1564063
1126015
511935
626331
3732423
2298025
626331
3732423
142587
2298025
1723519
837799
3732423
1723519
2298025
230631
230631
3732423
3542887
230631
3542887
1723519
3542887
2298025
1126015
3732423
837799
2298025
410011
3542887
52527
1501353
2298025
3732423
3064033
3732423
837799
3732423
626331
1126015
3732423
230631
3732423
2298025
3732423
3064033
3732423
3064033
1723519
1126015
1126015
3732423
2298025
3732423
1723519
156159
3542887
3542887
3542887
1501353
1723519
1723519
837799
