2298025
3064033
3732423
837799
3732423
2298025
1564063
3732423
3732423
3064033
77031
1723519
511935
410011
3732423
2298025
3732423
156159
230631
1564063
2298025
2298025
1723519
1723519
3064033
156159
3732423
3732423
1723519
837799
3732423
3732423
3064033
3542887
230631
837799
1723519
77031
3732423
2298025
3732423
1723519
3064033
230631
626331
77031
3064033
156159
626331
1723519
2298025
626331
1723519
626331
2298025
3542887
1126015
837799
1126015
2298025
1723519
3732423
2298025
837799
230631
1564063
1126015
837799
3732423
3064033
1126015
1126015
837799
3542887
2298025
3732423
1501353
837799
3064033
3064033
3732423
3064033
2298025
626331
3732423
230631
3732423
2298025
3732423
230631
3732423
2298025
511935
3064033
626331
