1
2
1
2
3
3
3
6
3
6
6171
10971
10971
10971
13255
13255
13255
17647
17647
17647
17673
17673
17673
23529
23529
23529
26623
26623
26623
34239
34239
34239
35497
35497
35497
35655
35655
35655
52527
52527
52527
77031
77031
77031
106239
106239
106239
142587
142587
142587
156159
156159
156159
216367
216367
216367
230631
230631
230631
410011
410011
410011
511935
511935
511935
626331
626331
626331
837799
837799
837799
1117065
1117065
1117065
1126015
1126015
1126015
1501353
1501353
1501353
1564063
1564063
1564063
1723519
1723519
1723519
2298025
2298025
2298025
3064033
3064033
3064033
3542887
3542887
3542887
3732423
3732423
3732423
